build/app/intermediates/manifest_merge_blame_file/debug/processDebugMainManifest/manifest-merger-blame-debug-report.txt
1<?xml version="1.0" encoding="utf-8"?>
2<manifest xmlns:android="http://schemas.android.com/apk/res/android"
3    package="com.example.barkeeper"
4    android:versionCode="1"
5    android:versionName="1.0.0" >
6
7    <uses-sdk
8        android:minSdkVersion="21"
9        android:targetSdkVersion="35" />
10    <!--
11         The INTERNET permission is required for development. Specifically,
12         the Flutter tool needs it to communicate with the running application
13         to allow setting breakpoints, to provide hot reload, etc.
14    -->
15    <uses-permission android:name="android.permission.INTERNET" />
15-->src\debug\AndroidManifest.xml:6:5-66
15-->src\debug\AndroidManifest.xml:6:22-64
16    <!--
17     Required to query activities that can process text, see:
18         https://developer.android.com/training/package-visibility and
19         https://developer.android.com/reference/android/content/Intent#ACTION_PROCESS_TEXT.
20
21         In particular, this is used by the Flutter engine in io.flutter.plugin.text.ProcessTextPlugin.
22    -->
23    <queries>
23-->src\main\AndroidManifest.xml:39:5-44:15
24        <intent>
24-->src\main\AndroidManifest.xml:40:9-43:18
25            <action android:name="android.intent.action.PROCESS_TEXT" />
25-->src\main\AndroidManifest.xml:41:13-72
25-->src\main\AndroidManifest.xml:41:21-70
26
27            <data android:mimeType="text/plain" />
27-->src\main\AndroidManifest.xml:42:13-50
27-->src\main\AndroidManifest.xml:42:19-48
28        </intent>
29    </queries>
30
31    <uses-permission android:name="android.permission.CAMERA" />
31-->[:mobile_scanner] AndroidManifest.xml:7:5-65
31-->[:mobile_scanner] AndroidManifest.xml:7:22-62
32
33    <uses-feature
33-->[:mobile_scanner] AndroidManifest.xml:9:5-11:36
34        android:name="android.hardware.camera"
34-->[:mobile_scanner] AndroidManifest.xml:10:9-47
35        android:required="false" /> <!-- required for API 18 - 30 -->
35-->[:mobile_scanner] AndroidManifest.xml:11:9-33
36    <uses-permission
36-->[:reactive_ble_mobile] AndroidManifest.xml:8:5-10:38
37        android:name="android.permission.BLUETOOTH"
37-->[:reactive_ble_mobile] AndroidManifest.xml:9:9-52
38        android:maxSdkVersion="30" />
38-->[:reactive_ble_mobile] AndroidManifest.xml:10:9-35
39    <uses-permission
39-->[:reactive_ble_mobile] AndroidManifest.xml:11:5-13:38
40        android:name="android.permission.BLUETOOTH_ADMIN"
40-->[:reactive_ble_mobile] AndroidManifest.xml:12:9-58
41        android:maxSdkVersion="30" />
41-->[:reactive_ble_mobile] AndroidManifest.xml:13:9-35
42
43    <permission
43-->[androidx.core:core:1.13.1] AndroidManifest.xml:22:5-24:47
44        android:name="com.example.barkeeper.DYNAMIC_RECEIVER_NOT_EXPORTED_PERMISSION"
44-->[androidx.core:core:1.13.1] AndroidManifest.xml:23:9-81
45        android:protectionLevel="signature" />
45-->[androidx.core:core:1.13.1] AndroidManifest.xml:24:9-44
46
47    <uses-permission android:name="com.example.barkeeper.DYNAMIC_RECEIVER_NOT_EXPORTED_PERMISSION" /> <!-- required for API 23 - 30, no android:maxSdkVersion because of a potential breaking change -->
47-->[androidx.core:core:1.13.1] AndroidManifest.xml:26:5-97
47-->[androidx.core:core:1.13.1] AndroidManifest.xml:26:22-94
48    <!-- TODO: add android:maxSdkVersion on 2.0.0 -->
49    <uses-permission-sdk-23 android:name="android.permission.ACCESS_COARSE_LOCATION" />
49-->[com.polidea.rxandroidble2:rxandroidble:1.16.0] AndroidManifest.xml:18:5-88
49-->[com.polidea.rxandroidble2:rxandroidble:1.16.0] AndroidManifest.xml:18:29-85
50    <uses-permission-sdk-23 android:name="android.permission.ACCESS_FINE_LOCATION" /> <!-- API 31+ -->
50-->[com.polidea.rxandroidble2:rxandroidble:1.16.0] AndroidManifest.xml:19:5-86
50-->[com.polidea.rxandroidble2:rxandroidble:1.16.0] AndroidManifest.xml:19:29-83
51    <uses-permission android:name="android.permission.BLUETOOTH_CONNECT" />
51-->[com.polidea.rxandroidble2:rxandroidble:1.16.0] AndroidManifest.xml:21:5-76
51-->[com.polidea.rxandroidble2:rxandroidble:1.16.0] AndroidManifest.xml:21:22-73
52    <uses-permission
52-->[com.polidea.rxandroidble2:rxandroidble:1.16.0] AndroidManifest.xml:22:5-25:31
53        android:name="android.permission.BLUETOOTH_SCAN"
53-->[com.polidea.rxandroidble2:rxandroidble:1.16.0] AndroidManifest.xml:23:9-57
54        android:usesPermissionFlags="neverForLocation" /> <!-- Although the *SdkVersion is captured in gradle build files, this is required for non gradle builds -->
54-->[com.polidea.rxandroidble2:rxandroidble:1.16.0] AndroidManifest.xml:24:9-55
55    <!-- <uses-sdk android:minSdkVersion="14"/> -->
56    <uses-permission android:name="android.permission.ACCESS_NETWORK_STATE" />
56-->[com.google.android.datatransport:transport-backend-cct:2.3.3] AndroidManifest.xml:25:5-79
56-->[com.google.android.datatransport:transport-backend-cct:2.3.3] AndroidManifest.xml:25:22-76
57
58    <application
59        android:name="android.app.Application"
60        android:appComponentFactory="androidx.core.app.CoreComponentFactory"
60-->[androidx.core:core:1.13.1] AndroidManifest.xml:28:18-86
61        android:debuggable="true"
62        android:extractNativeLibs="true"
63        android:icon="@mipmap/ic_launcher"
64        android:label="barkeeper" >
65        <activity
66            android:name="com.example.barkeeper.MainActivity"
67            android:configChanges="orientation|keyboardHidden|keyboard|screenSize|smallestScreenSize|locale|layoutDirection|fontScale|screenLayout|density|uiMode"
68            android:exported="true"
69            android:hardwareAccelerated="true"
70            android:launchMode="singleTop"
71            android:taskAffinity=""
72            android:theme="@style/LaunchTheme"
73            android:windowSoftInputMode="adjustResize" >
74
75            <!--
76                 Specifies an Android theme to apply to this Activity as soon as
77                 the Android process has started. This theme is visible to the user
78                 while the Flutter UI initializes. After that, this theme continues
79                 to determine the Window background behind the Flutter UI.
80            -->
81            <meta-data
82                android:name="io.flutter.embedding.android.NormalTheme"
83                android:resource="@style/NormalTheme" />
84
85            <intent-filter>
86                <action android:name="android.intent.action.MAIN" />
87
88                <category android:name="android.intent.category.LAUNCHER" />
89            </intent-filter>
90        </activity>
91        <!--
92             Don't delete the meta-data below.
93             This is used by the Flutter tool to generate GeneratedPluginRegistrant.java
94        -->
95        <meta-data
96            android:name="flutterEmbedding"
97            android:value="2" />
98        <!--
99           Declares a provider which allows us to store files to share in
100           '.../caches/share_plus' and grant the receiving action access
101        -->
102        <provider
102-->[:share_plus] AndroidManifest.xml:13:9-21:20
103            android:name="dev.fluttercommunity.plus.share.ShareFileProvider"
103-->[:share_plus] AndroidManifest.xml:14:13-77
104            android:authorities="com.example.barkeeper.flutter.share_provider"
104-->[:share_plus] AndroidManifest.xml:15:13-74
105            android:exported="false"
105-->[:share_plus] AndroidManifest.xml:16:13-37
106            android:grantUriPermissions="true" >
106-->[:share_plus] AndroidManifest.xml:17:13-47
107            <meta-data
107-->[:share_plus] AndroidManifest.xml:18:13-20:68
108                android:name="android.support.FILE_PROVIDER_PATHS"
108-->[:share_plus] AndroidManifest.xml:19:17-67
109                android:resource="@xml/flutter_share_file_paths" />
109-->[:share_plus] AndroidManifest.xml:20:17-65
110        </provider>
111        <!--
112           This manifest declared broadcast receiver allows us to use an explicit
113           Intent when creating a PendingItent to be informed of the user's choice
114        -->
115        <receiver
115-->[:share_plus] AndroidManifest.xml:26:9-32:20
116            android:name="dev.fluttercommunity.plus.share.SharePlusPendingIntent"
116-->[:share_plus] AndroidManifest.xml:27:13-82
117            android:exported="false" >
117-->[:share_plus] AndroidManifest.xml:28:13-37
118            <intent-filter>
118-->[:share_plus] AndroidManifest.xml:29:13-31:29
119                <action android:name="EXTRA_CHOSEN_COMPONENT" />
119-->[:share_plus] AndroidManifest.xml:30:17-65
119-->[:share_plus] AndroidManifest.xml:30:25-62
120            </intent-filter>
121        </receiver>
122        <!--
123        Service for holding metadata. Cannot be instantiated.
124        Metadata will be merged from other manifests.
125        -->
126        <service
126-->[androidx.camera:camera-core:1.3.4] AndroidManifest.xml:29:9-33:78
127            android:name="androidx.camera.core.impl.MetadataHolderService"
127-->[androidx.camera:camera-core:1.3.4] AndroidManifest.xml:30:13-75
128            android:enabled="false"
128-->[androidx.camera:camera-core:1.3.4] AndroidManifest.xml:31:13-36
129            android:exported="false" >
129-->[androidx.camera:camera-core:1.3.4] AndroidManifest.xml:32:13-37
130            <meta-data
130-->[androidx.camera:camera-camera2:1.3.4] AndroidManifest.xml:30:13-32:89
131                android:name="androidx.camera.core.impl.MetadataHolderService.DEFAULT_CONFIG_PROVIDER"
131-->[androidx.camera:camera-camera2:1.3.4] AndroidManifest.xml:31:17-103
132                android:value="androidx.camera.camera2.Camera2Config$DefaultProvider" />
132-->[androidx.camera:camera-camera2:1.3.4] AndroidManifest.xml:32:17-86
133        </service>
134        <service
134-->[com.google.android.gms:play-services-mlkit-barcode-scanning:18.3.1] AndroidManifest.xml:9:9-15:19
135            android:name="com.google.mlkit.common.internal.MlKitComponentDiscoveryService"
135-->[com.google.android.gms:play-services-mlkit-barcode-scanning:18.3.1] AndroidManifest.xml:10:13-91
136            android:directBootAware="true"
136-->[com.google.mlkit:common:18.11.0] AndroidManifest.xml:17:13-43
137            android:exported="false" >
137-->[com.google.android.gms:play-services-mlkit-barcode-scanning:18.3.1] AndroidManifest.xml:11:13-37
138            <meta-data
138-->[com.google.android.gms:play-services-mlkit-barcode-scanning:18.3.1] AndroidManifest.xml:12:13-14:85
139                android:name="com.google.firebase.components:com.google.mlkit.vision.barcode.internal.BarcodeRegistrar"
139-->[com.google.android.gms:play-services-mlkit-barcode-scanning:18.3.1] AndroidManifest.xml:13:17-120
140                android:value="com.google.firebase.components.ComponentRegistrar" />
140-->[com.google.android.gms:play-services-mlkit-barcode-scanning:18.3.1] AndroidManifest.xml:14:17-82
141            <meta-data
141-->[com.google.mlkit:vision-common:17.3.0] AndroidManifest.xml:12:13-14:85
142                android:name="com.google.firebase.components:com.google.mlkit.vision.common.internal.VisionCommonRegistrar"
142-->[com.google.mlkit:vision-common:17.3.0] AndroidManifest.xml:13:17-124
143                android:value="com.google.firebase.components.ComponentRegistrar" />
143-->[com.google.mlkit:vision-common:17.3.0] AndroidManifest.xml:14:17-82
144            <meta-data
144-->[com.google.mlkit:common:18.11.0] AndroidManifest.xml:20:13-22:85
145                android:name="com.google.firebase.components:com.google.mlkit.common.internal.CommonComponentRegistrar"
145-->[com.google.mlkit:common:18.11.0] AndroidManifest.xml:21:17-120
146                android:value="com.google.firebase.components.ComponentRegistrar" />
146-->[com.google.mlkit:common:18.11.0] AndroidManifest.xml:22:17-82
147        </service>
148
149        <provider
149-->[com.google.mlkit:common:18.11.0] AndroidManifest.xml:9:9-13:38
150            android:name="com.google.mlkit.common.internal.MlKitInitProvider"
150-->[com.google.mlkit:common:18.11.0] AndroidManifest.xml:10:13-78
151            android:authorities="com.example.barkeeper.mlkitinitprovider"
151-->[com.google.mlkit:common:18.11.0] AndroidManifest.xml:11:13-69
152            android:exported="false"
152-->[com.google.mlkit:common:18.11.0] AndroidManifest.xml:12:13-37
153            android:initOrder="99" />
153-->[com.google.mlkit:common:18.11.0] AndroidManifest.xml:13:13-35
154
155        <activity
155-->[com.google.android.gms:play-services-base:18.5.0] AndroidManifest.xml:5:9-173
156            android:name="com.google.android.gms.common.api.GoogleApiActivity"
156-->[com.google.android.gms:play-services-base:18.5.0] AndroidManifest.xml:5:19-85
157            android:exported="false"
157-->[com.google.android.gms:play-services-base:18.5.0] AndroidManifest.xml:5:146-170
158            android:theme="@android:style/Theme.Translucent.NoTitleBar" />
158-->[com.google.android.gms:play-services-base:18.5.0] AndroidManifest.xml:5:86-145
159
160        <meta-data
160-->[com.google.android.gms:play-services-basement:18.4.0] AndroidManifest.xml:6:9-122
161            android:name="com.google.android.gms.version"
161-->[com.google.android.gms:play-services-basement:18.4.0] AndroidManifest.xml:6:20-65
162            android:value="@integer/google_play_services_version" />
162-->[com.google.android.gms:play-services-basement:18.4.0] AndroidManifest.xml:6:66-119
163
164        <uses-library
164-->[androidx.window:window:1.2.0] AndroidManifest.xml:23:9-25:40
165            android:name="androidx.window.extensions"
165-->[androidx.window:window:1.2.0] AndroidManifest.xml:24:13-54
166            android:required="false" />
166-->[androidx.window:window:1.2.0] AndroidManifest.xml:25:13-37
167        <uses-library
167-->[androidx.window:window:1.2.0] AndroidManifest.xml:26:9-28:40
168            android:name="androidx.window.sidecar"
168-->[androidx.window:window:1.2.0] AndroidManifest.xml:27:13-51
169            android:required="false" />
169-->[androidx.window:window:1.2.0] AndroidManifest.xml:28:13-37
170
171        <provider
171-->[androidx.emoji2:emoji2:1.2.0] AndroidManifest.xml:24:9-32:20
172            android:name="androidx.startup.InitializationProvider"
172-->[androidx.emoji2:emoji2:1.2.0] AndroidManifest.xml:25:13-67
173            android:authorities="com.example.barkeeper.androidx-startup"
173-->[androidx.emoji2:emoji2:1.2.0] AndroidManifest.xml:26:13-68
174            android:exported="false" >
174-->[androidx.emoji2:emoji2:1.2.0] AndroidManifest.xml:27:13-37
175            <meta-data
175-->[androidx.emoji2:emoji2:1.2.0] AndroidManifest.xml:29:13-31:52
176                android:name="androidx.emoji2.text.EmojiCompatInitializer"
176-->[androidx.emoji2:emoji2:1.2.0] AndroidManifest.xml:30:17-75
177                android:value="androidx.startup" />
177-->[androidx.emoji2:emoji2:1.2.0] AndroidManifest.xml:31:17-49
178            <meta-data
178-->[androidx.lifecycle:lifecycle-process:2.7.0] AndroidManifest.xml:29:13-31:52
179                android:name="androidx.lifecycle.ProcessLifecycleInitializer"
179-->[androidx.lifecycle:lifecycle-process:2.7.0] AndroidManifest.xml:30:17-78
180                android:value="androidx.startup" />
180-->[androidx.lifecycle:lifecycle-process:2.7.0] AndroidManifest.xml:31:17-49
181            <meta-data
181-->[androidx.profileinstaller:profileinstaller:1.3.1] AndroidManifest.xml:29:13-31:52
182                android:name="androidx.profileinstaller.ProfileInstallerInitializer"
182-->[androidx.profileinstaller:profileinstaller:1.3.1] AndroidManifest.xml:30:17-85
183                android:value="androidx.startup" />
183-->[androidx.profileinstaller:profileinstaller:1.3.1] AndroidManifest.xml:31:17-49
184        </provider>
185
186        <receiver
186-->[androidx.profileinstaller:profileinstaller:1.3.1] AndroidManifest.xml:34:9-52:20
187            android:name="androidx.profileinstaller.ProfileInstallReceiver"
187-->[androidx.profileinstaller:profileinstaller:1.3.1] AndroidManifest.xml:35:13-76
188            android:directBootAware="false"
188-->[androidx.profileinstaller:profileinstaller:1.3.1] AndroidManifest.xml:36:13-44
189            android:enabled="true"
189-->[androidx.profileinstaller:profileinstaller:1.3.1] AndroidManifest.xml:37:13-35
190            android:exported="true"
190-->[androidx.profileinstaller:profileinstaller:1.3.1] AndroidManifest.xml:38:13-36
191            android:permission="android.permission.DUMP" >
191-->[androidx.profileinstaller:profileinstaller:1.3.1] AndroidManifest.xml:39:13-57
192            <intent-filter>
192-->[androidx.profileinstaller:profileinstaller:1.3.1] AndroidManifest.xml:40:13-42:29
193                <action android:name="androidx.profileinstaller.action.INSTALL_PROFILE" />
193-->[androidx.profileinstaller:profileinstaller:1.3.1] AndroidManifest.xml:41:17-91
193-->[androidx.profileinstaller:profileinstaller:1.3.1] AndroidManifest.xml:41:25-88
194            </intent-filter>
195            <intent-filter>
195-->[androidx.profileinstaller:profileinstaller:1.3.1] AndroidManifest.xml:43:13-45:29
196                <action android:name="androidx.profileinstaller.action.SKIP_FILE" />
196-->[androidx.profileinstaller:profileinstaller:1.3.1] AndroidManifest.xml:44:17-85
196-->[androidx.profileinstaller:profileinstaller:1.3.1] AndroidManifest.xml:44:25-82
197            </intent-filter>
198            <intent-filter>
198-->[androidx.profileinstaller:profileinstaller:1.3.1] AndroidManifest.xml:46:13-48:29
199                <action android:name="androidx.profileinstaller.action.SAVE_PROFILE" />
199-->[androidx.profileinstaller:profileinstaller:1.3.1] AndroidManifest.xml:47:17-88
199-->[androidx.profileinstaller:profileinstaller:1.3.1] AndroidManifest.xml:47:25-85
200            </intent-filter>
201            <intent-filter>
201-->[androidx.profileinstaller:profileinstaller:1.3.1] AndroidManifest.xml:49:13-51:29
202                <action android:name="androidx.profileinstaller.action.BENCHMARK_OPERATION" />
202-->[androidx.profileinstaller:profileinstaller:1.3.1] AndroidManifest.xml:50:17-95
202-->[androidx.profileinstaller:profileinstaller:1.3.1] AndroidManifest.xml:50:25-92
203            </intent-filter>
204        </receiver>
205
206        <service
206-->[com.google.android.datatransport:transport-backend-cct:2.3.3] AndroidManifest.xml:29:9-35:19
207            android:name="com.google.android.datatransport.runtime.backends.TransportBackendDiscovery"
207-->[com.google.android.datatransport:transport-backend-cct:2.3.3] AndroidManifest.xml:30:13-103
208            android:exported="false" >
208-->[com.google.android.datatransport:transport-backend-cct:2.3.3] AndroidManifest.xml:31:13-37
209            <meta-data
209-->[com.google.android.datatransport:transport-backend-cct:2.3.3] AndroidManifest.xml:32:13-34:39
210                android:name="backend:com.google.android.datatransport.cct.CctBackendFactory"
210-->[com.google.android.datatransport:transport-backend-cct:2.3.3] AndroidManifest.xml:33:17-94
211                android:value="cct" />
211-->[com.google.android.datatransport:transport-backend-cct:2.3.3] AndroidManifest.xml:34:17-36
212        </service>
213        <service
213-->[com.google.android.datatransport:transport-runtime:2.2.6] AndroidManifest.xml:26:9-30:19
214            android:name="com.google.android.datatransport.runtime.scheduling.jobscheduling.JobInfoSchedulerService"
214-->[com.google.android.datatransport:transport-runtime:2.2.6] AndroidManifest.xml:27:13-117
215            android:exported="false"
215-->[com.google.android.datatransport:transport-runtime:2.2.6] AndroidManifest.xml:28:13-37
216            android:permission="android.permission.BIND_JOB_SERVICE" >
216-->[com.google.android.datatransport:transport-runtime:2.2.6] AndroidManifest.xml:29:13-69
217        </service>
218
219        <receiver
219-->[com.google.android.datatransport:transport-runtime:2.2.6] AndroidManifest.xml:32:9-34:40
220            android:name="com.google.android.datatransport.runtime.scheduling.jobscheduling.AlarmManagerSchedulerBroadcastReceiver"
220-->[com.google.android.datatransport:transport-runtime:2.2.6] AndroidManifest.xml:33:13-132
221            android:exported="false" />
221-->[com.google.android.datatransport:transport-runtime:2.2.6] AndroidManifest.xml:34:13-37
222    </application>
223
224</manifest>